2013-05-13 22:29:36 Warning: Warning (512): <span style="color:Red;text-align:left"><b>Erro:</b> 1054: Unknown column 'Group.reference' in 'where clause'</span> in [/var/www/codigos/cakephp/cake/libs/model/datasources/dbo_source.php, line 684]
2013-05-13 22:29:36 Warning: Warning (2): Invalid argument supplied for foreach() in [/var/www/jobs/petcare/veterinario/controllers/home_controller.php, line 70]
2013-05-13 22:29:36 Warning: Warning (2): Invalid argument supplied for foreach() in [/var/www/jobs/petcare/veterinario/controllers/home_controller.php, line 103]
2013-05-14 00:38:12 Warning: Warning (512): Método CommonsHelper::formata_nome não existe in [/var/www/codigos/cakephp/cake/libs/view/helper.php, line 154]
2013-05-14 04:24:23 Warning: Warning (512): <span style="color:Red;text-align:left"><b>Erro:</b> 1054: Unknown column 'User.activation_code' in 'where clause'</span> in [/var/www/codigos/cakephp/cake/libs/model/datasources/dbo_source.php, line 684]
2013-05-14 04:24:23 Warning: Warning (2): Invalid argument supplied for foreach() in [/var/www/jobs/petcare/veterinario/models/user.php, line 86]
2013-05-14 04:35:35 Warning: Warning (512): Método FormHelper::link não existe in [/var/www/codigos/cakephp/cake/libs/view/helper.php, line 154]
2013-05-24 13:16:02 Warning: Warning (2): mysql_connect() [http://php.net/function.mysql-connect]: Can't connect to MySQL server on 'mysql01.nivelaqualidade.hospedagemdesites.ws' (4) in [/var/www/codigos/cakephp/cake/libs/model/datasources/dbo/dbo_mysql.php, line 561]
2013-05-24 13:16:02 Warning: Warning (2): mysql_select_db() expects parameter 2 to be resource, boolean given in [/var/www/codigos/cakephp/cake/libs/model/datasources/dbo/dbo_mysql.php, line 567]
2013-05-24 13:16:02 Warning: Warning (2): mysql_get_server_info() expects parameter 1 to be resource, boolean given in [/var/www/codigos/cakephp/cake/libs/model/datasources/dbo/dbo_mysql.php, line 575]
2013-05-24 13:16:02 Warning: Warning (2): mysql_query() expects parameter 2 to be resource, boolean given in [/var/www/codigos/cakephp/cake/libs/model/datasources/dbo/dbo_mysql.php, line 609]
2013-05-24 13:16:02 Warning: Warning (2): Cannot modify header information - headers already sent by (output started at /var/www/codigos/cakephp/cake/libs/debugger.php:673) in [/var/www/codigos/cakephp/cake/libs/controller/controller.php, line 742]
2013-05-24 13:26:02 Warning: Warning (2): mysql_connect() [http://php.net/function.mysql-connect]: Can't connect to MySQL server on 'mysql01.nivelaqualidade.hospedagemdesites.ws' (4) in [/var/www/codigos/cakephp/cake/libs/model/datasources/dbo/dbo_mysql.php, line 561]
2013-05-24 13:26:02 Warning: Warning (2): mysql_select_db() expects parameter 2 to be resource, boolean given in [/var/www/codigos/cakephp/cake/libs/model/datasources/dbo/dbo_mysql.php, line 567]
2013-05-24 13:26:02 Warning: Warning (2): mysql_get_server_info() expects parameter 1 to be resource, boolean given in [/var/www/codigos/cakephp/cake/libs/model/datasources/dbo/dbo_mysql.php, line 575]
2013-05-24 13:26:02 Warning: Warning (2): mysql_query() expects parameter 2 to be resource, boolean given in [/var/www/codigos/cakephp/cake/libs/model/datasources/dbo/dbo_mysql.php, line 609]
2013-05-24 13:26:02 Warning: Warning (2): Cannot modify header information - headers already sent by (output started at /var/www/codigos/cakephp/cake/libs/debugger.php:673) in [/var/www/codigos/cakephp/cake/libs/controller/controller.php, line 742]
2013-05-24 13:48:48 Warning: Warning (2): mysql_connect() [http://php.net/function.mysql-connect]: Can't connect to MySQL server on 'mysql01.nivelaqualidade.hospedagemdesites.ws' (4) in [/var/www/codigos/cakephp/cake/libs/model/datasources/dbo/dbo_mysql.php, line 561]
2013-05-24 13:48:48 Warning: Warning (2): mysql_select_db() expects parameter 2 to be resource, boolean given in [/var/www/codigos/cakephp/cake/libs/model/datasources/dbo/dbo_mysql.php, line 567]
2013-05-24 13:48:48 Warning: Warning (2): mysql_get_server_info() expects parameter 1 to be resource, boolean given in [/var/www/codigos/cakephp/cake/libs/model/datasources/dbo/dbo_mysql.php, line 575]
2013-05-24 13:48:48 Warning: Warning (2): mysql_query() expects parameter 2 to be resource, boolean given in [/var/www/codigos/cakephp/cake/libs/model/datasources/dbo/dbo_mysql.php, line 609]
2013-05-24 13:48:48 Warning: Warning (2): Cannot modify header information - headers already sent by (output started at /var/www/codigos/cakephp/cake/libs/debugger.php:673) in [/var/www/codigos/cakephp/cake/libs/controller/controller.php, line 742]
2013-05-24 14:49:08 Warning: Warning (2): mysql_connect() [http://php.net/function.mysql-connect]: Can't connect to MySQL server on 'mysql01.nivelaqualidade.hospedagemdesites.ws' (4) in [/var/www/codigos/cakephp/cake/libs/model/datasources/dbo/dbo_mysql.php, line 561]
2013-05-24 14:49:08 Warning: Warning (2): mysql_select_db() expects parameter 2 to be resource, boolean given in [/var/www/codigos/cakephp/cake/libs/model/datasources/dbo/dbo_mysql.php, line 567]
2013-05-24 14:49:08 Warning: Warning (2): mysql_get_server_info() expects parameter 1 to be resource, boolean given in [/var/www/codigos/cakephp/cake/libs/model/datasources/dbo/dbo_mysql.php, line 575]
2013-05-24 14:49:08 Warning: Warning (2): mysql_query() expects parameter 2 to be resource, boolean given in [/var/www/codigos/cakephp/cake/libs/model/datasources/dbo/dbo_mysql.php, line 609]
2013-05-24 14:49:08 Warning: Warning (2): Cannot modify header information - headers already sent by (output started at /var/www/codigos/cakephp/cake/libs/debugger.php:673) in [/var/www/codigos/cakephp/cake/libs/controller/controller.php, line 742]
2013-05-24 15:01:14 Warning: Warning (512): <span style="color:Red;text-align:left"><b>Erro:</b> 1054: Unknown column 'Comment.user_id' in 'on clause'</span> in [/var/www/codigos/cakephp/cake/libs/model/datasources/dbo_source.php, line 684]
2013-05-24 15:01:14 Warning: Warning (2): Invalid argument supplied for foreach() in [/var/www/jobs/nivel_a_qualidade/backoffice/views/comments/admin_index.ctp, line 12]
