2013-05-13 22:29:36 Warning: Warning (512): <span style="color:Red;text-align:left"><b>Erro:</b> 1054: Unknown column 'Group.reference' in 'where clause'</span> in [/var/www/codigos/cakephp/cake/libs/model/datasources/dbo_source.php, line 684]
2013-05-13 22:29:36 Warning: Warning (2): Invalid argument supplied for foreach() in [/var/www/jobs/petcare/veterinario/controllers/home_controller.php, line 70]
2013-05-13 22:29:36 Warning: Warning (2): Invalid argument supplied for foreach() in [/var/www/jobs/petcare/veterinario/controllers/home_controller.php, line 103]
2013-05-14 00:38:12 Warning: Warning (512): Método CommonsHelper::formata_nome não existe in [/var/www/codigos/cakephp/cake/libs/view/helper.php, line 154]
2013-05-14 04:24:23 Warning: Warning (512): <span style="color:Red;text-align:left"><b>Erro:</b> 1054: Unknown column 'User.activation_code' in 'where clause'</span> in [/var/www/codigos/cakephp/cake/libs/model/datasources/dbo_source.php, line 684]
2013-05-14 04:24:23 Warning: Warning (2): Invalid argument supplied for foreach() in [/var/www/jobs/petcare/veterinario/models/user.php, line 86]
2013-05-14 04:35:35 Warning: Warning (512): Método FormHelper::link não existe in [/var/www/codigos/cakephp/cake/libs/view/helper.php, line 154]
2013-05-14 15:43:50 Warning: Warning (512): <span style="color:Red;text-align:left"><b>Erro:</b> 1048: Column 'user_id' cannot be null</span> in [/var/www/codigos/cakephp/cake/libs/model/datasources/dbo_source.php, line 684]
2013-05-14 15:48:54 Warning: Warning (512): <span style="color:Red;text-align:left"><b>Erro:</b> 1048: Column 'user_id' cannot be null</span> in [/var/www/codigos/cakephp/cake/libs/model/datasources/dbo_source.php, line 684]
2013-05-15 00:42:27 Warning: Warning (2): preg_match() expects parameter 2 to be string, array given in [/var/www/codigos/cakephp/cake/libs/validation.php, line 946]
2013-05-15 00:43:02 Warning: Warning (512): <span style="color:Red;text-align:left"><b>Erro:</b> 1054: Unknown column 'Array' in 'field list'</span> in [/var/www/codigos/cakephp/cake/libs/model/datasources/dbo_source.php, line 684]
2013-05-15 00:44:10 Warning: Warning (512): <span style="color:Red;text-align:left"><b>Erro:</b> 1054: Unknown column 'Array' in 'field list'</span> in [/var/www/codigos/cakephp/cake/libs/model/datasources/dbo_source.php, line 684]
2013-05-15 00:44:24 Warning: Warning (512): <span style="color:Red;text-align:left"><b>Erro:</b> 1054: Unknown column 'Array' in 'field list'</span> in [/var/www/codigos/cakephp/cake/libs/model/datasources/dbo_source.php, line 684]
2013-05-15 00:46:29 Warning: Warning (512): <span style="color:Red;text-align:left"><b>Erro:</b> 1048: Column 'file' cannot be null</span> in [/var/www/codigos/cakephp/cake/libs/model/datasources/dbo_source.php, line 684]
2013-08-14 11:38:47 Warning: Warning (2): mysql_connect() [http://php.net/function.mysql-connect]: Can't connect to MySQL server on 'mysql07.petcare.com.br' (4) in [/var/www/codigos/cakephp/cake/libs/model/datasources/dbo/dbo_mysql.php, line 561]
2013-08-14 11:38:47 Warning: Warning (2): mysql_select_db() expects parameter 2 to be resource, boolean given in [/var/www/codigos/cakephp/cake/libs/model/datasources/dbo/dbo_mysql.php, line 567]
2013-08-14 11:38:47 Warning: Warning (2): mysql_get_server_info() expects parameter 1 to be resource, boolean given in [/var/www/codigos/cakephp/cake/libs/model/datasources/dbo/dbo_mysql.php, line 575]
2013-08-14 11:38:47 Warning: Warning (2): mysql_query() expects parameter 2 to be resource, boolean given in [/var/www/codigos/cakephp/cake/libs/model/datasources/dbo/dbo_mysql.php, line 609]
2013-08-14 11:38:47 Warning: Warning (2): Cannot modify header information - headers already sent by (output started at /var/www/codigos/cakephp/cake/libs/debugger.php:673) in [/var/www/codigos/cakephp/cake/libs/controller/controller.php, line 742]
2013-08-14 14:28:03 Warning: Warning (2): mysql_connect() [http://php.net/function.mysql-connect]: Can't connect to MySQL server on 'mysql07.petcare.com.br' (4) in [/var/www/codigos/cakephp/cake/libs/model/datasources/dbo/dbo_mysql.php, line 561]
2013-08-14 14:28:03 Warning: Warning (2): mysql_select_db() expects parameter 2 to be resource, boolean given in [/var/www/codigos/cakephp/cake/libs/model/datasources/dbo/dbo_mysql.php, line 567]
2013-08-14 14:28:03 Warning: Warning (2): mysql_get_server_info() expects parameter 1 to be resource, boolean given in [/var/www/codigos/cakephp/cake/libs/model/datasources/dbo/dbo_mysql.php, line 575]
2013-08-14 14:28:03 Warning: Warning (2): mysql_query() expects parameter 2 to be resource, boolean given in [/var/www/codigos/cakephp/cake/libs/model/datasources/dbo/dbo_mysql.php, line 609]
2013-08-14 14:28:03 Warning: Warning (2): mysql_errno() expects parameter 1 to be resource, boolean given in [/var/www/codigos/cakephp/cake/libs/model/datasources/dbo/dbo_mysql.php, line 691]
2013-08-14 14:28:03 Warning: Warning (2): Invalid argument supplied for foreach() in [/var/www/codigos/cakephp/cake/libs/model/datasources/dbo/dbo_mysql.php, line 127]
2013-08-14 14:28:03 Warning: Warning (2): Cannot modify header information - headers already sent by (output started at /var/www/codigos/cakephp/cake/libs/debugger.php:673) in [/var/www/codigos/cakephp/cake/libs/controller/controller.php, line 742]
2013-08-14 14:35:00 Warning: Warning (2): mysql_connect() [http://php.net/function.mysql-connect]: Can't connect to MySQL server on 'mysql07.petcare.com.br' (4) in [/var/www/codigos/cakephp/cake/libs/model/datasources/dbo/dbo_mysql.php, line 561]
2013-08-14 14:35:00 Warning: Warning (2): mysql_select_db() expects parameter 2 to be resource, boolean given in [/var/www/codigos/cakephp/cake/libs/model/datasources/dbo/dbo_mysql.php, line 567]
2013-08-14 14:35:00 Warning: Warning (2): mysql_get_server_info() expects parameter 1 to be resource, boolean given in [/var/www/codigos/cakephp/cake/libs/model/datasources/dbo/dbo_mysql.php, line 575]
2013-08-14 14:35:00 Warning: Warning (2): mysql_query() expects parameter 2 to be resource, boolean given in [/var/www/codigos/cakephp/cake/libs/model/datasources/dbo/dbo_mysql.php, line 609]
2013-08-14 14:35:00 Warning: Warning (2): Cannot modify header information - headers already sent by (output started at /var/www/codigos/cakephp/cake/libs/debugger.php:673) in [/var/www/codigos/cakephp/cake/libs/controller/controller.php, line 742]
2013-08-14 14:36:50 Warning: Warning (2): mysql_connect() [http://php.net/function.mysql-connect]: Can't connect to MySQL server on 'mysql07.petcare.com.br' (4) in [/var/www/codigos/cakephp/cake/libs/model/datasources/dbo/dbo_mysql.php, line 561]
2013-08-14 14:36:50 Warning: Warning (2): mysql_select_db() expects parameter 2 to be resource, boolean given in [/var/www/codigos/cakephp/cake/libs/model/datasources/dbo/dbo_mysql.php, line 567]
2013-08-14 14:36:50 Warning: Warning (2): mysql_get_server_info() expects parameter 1 to be resource, boolean given in [/var/www/codigos/cakephp/cake/libs/model/datasources/dbo/dbo_mysql.php, line 575]
2013-08-14 14:36:50 Warning: Warning (2): Cannot modify header information - headers already sent by (output started at /var/www/codigos/cakephp/cake/libs/debugger.php:673) in [/var/www/codigos/cakephp/cake/libs/controller/controller.php, line 742]
2013-08-14 14:40:13 Warning: Warning (2): mysql_connect() [http://php.net/function.mysql-connect]: Can't connect to MySQL server on 'mysql07.petcare.com.br' (4) in [/var/www/codigos/cakephp/cake/libs/model/datasources/dbo/dbo_mysql.php, line 561]
2013-08-14 14:40:13 Warning: Warning (2): mysql_select_db() expects parameter 2 to be resource, boolean given in [/var/www/codigos/cakephp/cake/libs/model/datasources/dbo/dbo_mysql.php, line 567]
2013-08-14 14:40:13 Warning: Warning (2): mysql_get_server_info() expects parameter 1 to be resource, boolean given in [/var/www/codigos/cakephp/cake/libs/model/datasources/dbo/dbo_mysql.php, line 575]
2013-08-14 14:40:13 Warning: Warning (2): Cannot modify header information - headers already sent by (output started at /var/www/codigos/cakephp/cake/libs/debugger.php:673) in [/var/www/codigos/cakephp/cake/libs/controller/controller.php, line 742]
2013-08-14 14:40:43 Warning: Warning (2): mysql_connect() [http://php.net/function.mysql-connect]: Can't connect to MySQL server on 'mysql07.petcare.com.br' (4) in [/var/www/codigos/cakephp/cake/libs/model/datasources/dbo/dbo_mysql.php, line 561]
2013-08-14 14:40:43 Warning: Warning (2): mysql_select_db() expects parameter 2 to be resource, boolean given in [/var/www/codigos/cakephp/cake/libs/model/datasources/dbo/dbo_mysql.php, line 567]
2013-08-14 14:40:43 Warning: Warning (2): mysql_get_server_info() expects parameter 1 to be resource, boolean given in [/var/www/codigos/cakephp/cake/libs/model/datasources/dbo/dbo_mysql.php, line 575]
2013-08-14 14:40:43 Warning: Warning (2): Cannot modify header information - headers already sent by (output started at /var/www/codigos/cakephp/cake/libs/debugger.php:673) in [/var/www/codigos/cakephp/cake/libs/controller/controller.php, line 742]
2013-08-14 14:40:50 Warning: Warning (2): mysql_connect() [http://php.net/function.mysql-connect]: Can't connect to MySQL server on 'mysql07.petcare.com.br' (4) in [/var/www/codigos/cakephp/cake/libs/model/datasources/dbo/dbo_mysql.php, line 561]
2013-08-14 14:40:50 Warning: Warning (2): mysql_select_db() expects parameter 2 to be resource, boolean given in [/var/www/codigos/cakephp/cake/libs/model/datasources/dbo/dbo_mysql.php, line 567]
2013-08-14 14:40:50 Warning: Warning (2): mysql_get_server_info() expects parameter 1 to be resource, boolean given in [/var/www/codigos/cakephp/cake/libs/model/datasources/dbo/dbo_mysql.php, line 575]
2013-08-14 14:40:50 Warning: Warning (2): Cannot modify header information - headers already sent by (output started at /var/www/codigos/cakephp/cake/libs/debugger.php:673) in [/var/www/codigos/cakephp/cake/libs/controller/controller.php, line 742]
2013-08-14 14:59:23 Warning: Warning (2): mysql_connect() [http://php.net/function.mysql-connect]: Can't connect to MySQL server on 'mysql07.petcare.com.br' (4) in [/var/www/codigos/cakephp/cake/libs/model/datasources/dbo/dbo_mysql.php, line 561]
2013-08-14 14:59:23 Warning: Warning (2): mysql_select_db() expects parameter 2 to be resource, boolean given in [/var/www/codigos/cakephp/cake/libs/model/datasources/dbo/dbo_mysql.php, line 567]
2013-08-14 14:59:23 Warning: Warning (2): mysql_get_server_info() expects parameter 1 to be resource, boolean given in [/var/www/codigos/cakephp/cake/libs/model/datasources/dbo/dbo_mysql.php, line 575]
2013-08-14 14:59:23 Warning: Warning (2): Cannot modify header information - headers already sent by (output started at /var/www/codigos/cakephp/cake/libs/debugger.php:673) in [/var/www/codigos/cakephp/cake/libs/controller/controller.php, line 742]
2013-08-14 15:24:19 Warning: Warning (2): mysql_connect() [http://php.net/function.mysql-connect]: Can't connect to MySQL server on 'mysql07.petcare.com.br' (4) in [/var/www/codigos/cakephp/cake/libs/model/datasources/dbo/dbo_mysql.php, line 561]
2013-08-14 15:24:19 Warning: Warning (2): mysql_select_db() expects parameter 2 to be resource, boolean given in [/var/www/codigos/cakephp/cake/libs/model/datasources/dbo/dbo_mysql.php, line 567]
2013-08-14 15:24:19 Warning: Warning (2): mysql_get_server_info() expects parameter 1 to be resource, boolean given in [/var/www/codigos/cakephp/cake/libs/model/datasources/dbo/dbo_mysql.php, line 575]
2013-08-14 15:24:19 Warning: Warning (2): mysql_query() expects parameter 2 to be resource, boolean given in [/var/www/codigos/cakephp/cake/libs/model/datasources/dbo/dbo_mysql.php, line 609]
2013-08-14 15:24:19 Warning: Warning (2): Cannot modify header information - headers already sent by (output started at /var/www/codigos/cakephp/cake/libs/debugger.php:673) in [/var/www/codigos/cakephp/cake/libs/controller/controller.php, line 742]
2013-08-14 15:27:53 Warning: Warning (2): mysql_connect() [http://php.net/function.mysql-connect]: Can't connect to MySQL server on 'mysql07.petcare.com.br' (4) in [/var/www/codigos/cakephp/cake/libs/model/datasources/dbo/dbo_mysql.php, line 561]
2013-08-14 15:27:53 Warning: Warning (2): mysql_select_db() expects parameter 2 to be resource, boolean given in [/var/www/codigos/cakephp/cake/libs/model/datasources/dbo/dbo_mysql.php, line 567]
2013-08-14 15:27:53 Warning: Warning (2): mysql_get_server_info() expects parameter 1 to be resource, boolean given in [/var/www/codigos/cakephp/cake/libs/model/datasources/dbo/dbo_mysql.php, line 575]
2013-08-14 15:27:53 Warning: Warning (2): mysql_query() expects parameter 2 to be resource, boolean given in [/var/www/codigos/cakephp/cake/libs/model/datasources/dbo/dbo_mysql.php, line 609]
2013-08-14 15:27:53 Warning: Warning (2): Cannot modify header information - headers already sent by (output started at /var/www/codigos/cakephp/cake/libs/debugger.php:673) in [/var/www/codigos/cakephp/cake/libs/controller/controller.php, line 742]
2013-08-14 15:53:51 Warning: Warning (2): mysql_connect() [http://php.net/function.mysql-connect]: Can't connect to MySQL server on 'mysql07.petcare.com.br' (4) in [/var/www/codigos/cakephp/cake/libs/model/datasources/dbo/dbo_mysql.php, line 561]
2013-08-14 15:53:51 Warning: Warning (2): mysql_select_db() expects parameter 2 to be resource, boolean given in [/var/www/codigos/cakephp/cake/libs/model/datasources/dbo/dbo_mysql.php, line 567]
2013-08-14 15:53:51 Warning: Warning (2): mysql_get_server_info() expects parameter 1 to be resource, boolean given in [/var/www/codigos/cakephp/cake/libs/model/datasources/dbo/dbo_mysql.php, line 575]
2013-08-14 15:53:51 Warning: Warning (2): mysql_query() expects parameter 2 to be resource, boolean given in [/var/www/codigos/cakephp/cake/libs/model/datasources/dbo/dbo_mysql.php, line 609]
2013-08-14 15:53:51 Warning: Warning (2): Cannot modify header information - headers already sent by (output started at /var/www/codigos/cakephp/cake/libs/debugger.php:673) in [/var/www/codigos/cakephp/cake/libs/controller/controller.php, line 742]
2013-08-14 16:02:58 Warning: Warning (2): mysql_connect() [http://php.net/function.mysql-connect]: Can't connect to MySQL server on 'mysql07.petcare.com.br' (4) in [/var/www/codigos/cakephp/cake/libs/model/datasources/dbo/dbo_mysql.php, line 561]
2013-08-14 16:02:58 Warning: Warning (2): mysql_select_db() expects parameter 2 to be resource, boolean given in [/var/www/codigos/cakephp/cake/libs/model/datasources/dbo/dbo_mysql.php, line 567]
2013-08-14 16:02:58 Warning: Warning (2): mysql_get_server_info() expects parameter 1 to be resource, boolean given in [/var/www/codigos/cakephp/cake/libs/model/datasources/dbo/dbo_mysql.php, line 575]
2013-08-14 16:02:58 Warning: Warning (2): Cannot modify header information - headers already sent by (output started at /var/www/codigos/cakephp/cake/libs/debugger.php:673) in [/var/www/codigos/cakephp/cake/libs/controller/controller.php, line 742]
2013-08-14 16:10:22 Warning: Warning (2): mysql_connect() [http://php.net/function.mysql-connect]: Can't connect to MySQL server on 'mysql07.petcare.com.br' (4) in [/var/www/codigos/cakephp/cake/libs/model/datasources/dbo/dbo_mysql.php, line 561]
2013-08-14 16:10:22 Warning: Warning (2): mysql_select_db() expects parameter 2 to be resource, boolean given in [/var/www/codigos/cakephp/cake/libs/model/datasources/dbo/dbo_mysql.php, line 567]
2013-08-14 16:10:22 Warning: Warning (2): mysql_get_server_info() expects parameter 1 to be resource, boolean given in [/var/www/codigos/cakephp/cake/libs/model/datasources/dbo/dbo_mysql.php, line 575]
2013-08-14 16:10:22 Warning: Warning (2): mysql_query() expects parameter 2 to be resource, boolean given in [/var/www/codigos/cakephp/cake/libs/model/datasources/dbo/dbo_mysql.php, line 609]
2013-08-14 16:10:22 Warning: Warning (2): mysql_errno() expects parameter 1 to be resource, boolean given in [/var/www/codigos/cakephp/cake/libs/model/datasources/dbo/dbo_mysql.php, line 691]
2013-08-14 16:10:22 Warning: Warning (2): Invalid argument supplied for foreach() in [/var/www/codigos/cakephp/cake/libs/model/datasources/dbo/dbo_mysql.php, line 127]
2013-08-14 16:10:22 Warning: Warning (2): Cannot modify header information - headers already sent by (output started at /var/www/codigos/cakephp/cake/libs/debugger.php:673) in [/var/www/codigos/cakephp/cake/libs/controller/controller.php, line 742]
2013-08-14 16:21:44 Warning: Warning (2): mysql_connect() [http://php.net/function.mysql-connect]: Can't connect to MySQL server on 'mysql07.petcare.com.br' (4) in [/var/www/codigos/cakephp/cake/libs/model/datasources/dbo/dbo_mysql.php, line 561]
2013-08-14 16:21:44 Warning: Warning (2): mysql_select_db() expects parameter 2 to be resource, boolean given in [/var/www/codigos/cakephp/cake/libs/model/datasources/dbo/dbo_mysql.php, line 567]
2013-08-14 16:21:44 Warning: Warning (2): mysql_get_server_info() expects parameter 1 to be resource, boolean given in [/var/www/codigos/cakephp/cake/libs/model/datasources/dbo/dbo_mysql.php, line 575]
2013-08-14 16:21:44 Warning: Warning (2): mysql_query() expects parameter 2 to be resource, boolean given in [/var/www/codigos/cakephp/cake/libs/model/datasources/dbo/dbo_mysql.php, line 609]
2013-08-14 16:21:44 Warning: Warning (2): Cannot modify header information - headers already sent by (output started at /var/www/codigos/cakephp/cake/libs/debugger.php:673) in [/var/www/codigos/cakephp/cake/libs/controller/controller.php, line 742]
2013-08-14 16:35:01 Warning: Warning (2): mysql_connect() [http://php.net/function.mysql-connect]: Can't connect to MySQL server on 'mysql07.petcare.com.br' (4) in [/var/www/codigos/cakephp/cake/libs/model/datasources/dbo/dbo_mysql.php, line 561]
2013-08-14 16:35:01 Warning: Warning (2): mysql_select_db() expects parameter 2 to be resource, boolean given in [/var/www/codigos/cakephp/cake/libs/model/datasources/dbo/dbo_mysql.php, line 567]
2013-08-14 16:35:01 Warning: Warning (2): mysql_get_server_info() expects parameter 1 to be resource, boolean given in [/var/www/codigos/cakephp/cake/libs/model/datasources/dbo/dbo_mysql.php, line 575]
2013-08-14 16:35:01 Warning: Warning (2): mysql_query() expects parameter 2 to be resource, boolean given in [/var/www/codigos/cakephp/cake/libs/model/datasources/dbo/dbo_mysql.php, line 609]
2013-08-14 16:35:01 Warning: Warning (2): Cannot modify header information - headers already sent by (output started at /var/www/codigos/cakephp/cake/libs/debugger.php:673) in [/var/www/codigos/cakephp/cake/libs/controller/controller.php, line 742]
2013-08-14 16:45:45 Warning: Warning (2): array_merge() [http://php.net/function.array-merge]: Argument #2 is not an array in [/var/www/codigos/cakephp/cake/libs/cache.php, line 130]
2013-08-14 17:00:26 Warning: Warning (2): mysql_connect() [http://php.net/function.mysql-connect]: Can't connect to MySQL server on 'mysql07.petcare.com.br' (4) in [/var/www/codigos/cakephp/cake/libs/model/datasources/dbo/dbo_mysql.php, line 561]
2013-08-14 17:00:26 Warning: Warning (2): mysql_select_db() expects parameter 2 to be resource, boolean given in [/var/www/codigos/cakephp/cake/libs/model/datasources/dbo/dbo_mysql.php, line 567]
2013-08-14 17:00:26 Warning: Warning (2): mysql_get_server_info() expects parameter 1 to be resource, boolean given in [/var/www/codigos/cakephp/cake/libs/model/datasources/dbo/dbo_mysql.php, line 575]
2013-08-14 17:00:26 Warning: Warning (2): mysql_query() expects parameter 2 to be resource, boolean given in [/var/www/codigos/cakephp/cake/libs/model/datasources/dbo/dbo_mysql.php, line 609]
2013-08-14 17:00:26 Warning: Warning (2): Cannot modify header information - headers already sent by (output started at /var/www/codigos/cakephp/cake/libs/debugger.php:673) in [/var/www/codigos/cakephp/cake/libs/controller/controller.php, line 742]
2013-08-14 17:13:06 Warning: Warning (2): mysql_connect() [http://php.net/function.mysql-connect]: Can't connect to MySQL server on 'mysql07.petcare.com.br' (4) in [/var/www/codigos/cakephp/cake/libs/model/datasources/dbo/dbo_mysql.php, line 561]
2013-08-14 17:13:06 Warning: Warning (2): mysql_select_db() expects parameter 2 to be resource, boolean given in [/var/www/codigos/cakephp/cake/libs/model/datasources/dbo/dbo_mysql.php, line 567]
2013-08-14 17:13:06 Warning: Warning (2): mysql_get_server_info() expects parameter 1 to be resource, boolean given in [/var/www/codigos/cakephp/cake/libs/model/datasources/dbo/dbo_mysql.php, line 575]
2013-08-14 17:13:06 Warning: Warning (2): mysql_query() expects parameter 2 to be resource, boolean given in [/var/www/codigos/cakephp/cake/libs/model/datasources/dbo/dbo_mysql.php, line 609]
2013-08-14 17:13:06 Warning: Warning (2): Cannot modify header information - headers already sent by (output started at /var/www/codigos/cakephp/cake/libs/debugger.php:673) in [/var/www/codigos/cakephp/cake/libs/controller/controller.php, line 742]
2013-08-14 17:18:52 Warning: Warning (2): mysql_connect() [http://php.net/function.mysql-connect]: Can't connect to MySQL server on 'mysql07.petcare.com.br' (4) in [/var/www/codigos/cakephp/cake/libs/model/datasources/dbo/dbo_mysql.php, line 561]
2013-08-14 17:18:52 Warning: Warning (2): mysql_select_db() expects parameter 2 to be resource, boolean given in [/var/www/codigos/cakephp/cake/libs/model/datasources/dbo/dbo_mysql.php, line 567]
2013-08-14 17:18:52 Warning: Warning (2): mysql_get_server_info() expects parameter 1 to be resource, boolean given in [/var/www/codigos/cakephp/cake/libs/model/datasources/dbo/dbo_mysql.php, line 575]
2013-08-14 17:18:52 Warning: Warning (2): mysql_query() expects parameter 2 to be resource, boolean given in [/var/www/codigos/cakephp/cake/libs/model/datasources/dbo/dbo_mysql.php, line 609]
2013-08-14 17:18:52 Warning: Warning (2): Cannot modify header information - headers already sent by (output started at /var/www/codigos/cakephp/cake/libs/debugger.php:673) in [/var/www/codigos/cakephp/cake/libs/controller/controller.php, line 742]
2013-08-14 17:21:19 Warning: Warning (512): <span style="color:Red;text-align:left"><b>Erro:</b> 2006: MySQL server has gone away</span> in [/var/www/codigos/cakephp/cake/libs/model/datasources/dbo_source.php, line 684]
2013-08-14 17:22:21 Warning: Warning (512): <span style="color:Red;text-align:left"><b>Erro:</b> 2006: MySQL server has gone away</span> in [/var/www/codigos/cakephp/cake/libs/model/datasources/dbo_source.php, line 684]
2013-08-14 17:22:21 Warning: Warning (512): AclNode::node() - Couldn't find Aro node identified by "Array
(
    [Aro0.model] => Group
    [Aro0.foreign_key] => 1
)
" in [/var/www/codigos/cakephp/cake/libs/model/db_acl.php, line 191]
2013-08-14 17:23:08 Warning: Warning (512): <span style="color:Red;text-align:left"><b>Erro:</b> 2006: MySQL server has gone away</span> in [/var/www/codigos/cakephp/cake/libs/model/datasources/dbo_source.php, line 684]
2013-08-14 17:37:52 Warning: Warning (2): mysql_connect() [http://php.net/function.mysql-connect]: Can't connect to MySQL server on 'mysql07.petcare.com.br' (4) in [/var/www/codigos/cakephp/cake/libs/model/datasources/dbo/dbo_mysql.php, line 561]
2013-08-14 17:37:52 Warning: Warning (2): mysql_select_db() expects parameter 2 to be resource, boolean given in [/var/www/codigos/cakephp/cake/libs/model/datasources/dbo/dbo_mysql.php, line 567]
2013-08-14 17:37:52 Warning: Warning (2): mysql_get_server_info() expects parameter 1 to be resource, boolean given in [/var/www/codigos/cakephp/cake/libs/model/datasources/dbo/dbo_mysql.php, line 575]
2013-08-14 17:37:52 Warning: Warning (2): mysql_query() expects parameter 2 to be resource, boolean given in [/var/www/codigos/cakephp/cake/libs/model/datasources/dbo/dbo_mysql.php, line 609]
2013-08-14 17:37:52 Warning: Warning (2): Cannot modify header information - headers already sent by (output started at /var/www/codigos/cakephp/cake/libs/debugger.php:673) in [/var/www/codigos/cakephp/cake/libs/controller/controller.php, line 742]
2013-08-21 23:13:47 Warning: Warning (2): mysql_connect() [http://php.net/function.mysql-connect]: Can't connect to MySQL server on 'mysql07.petcare.com.br' (4) in [/var/www/codigos/cakephp/cake/libs/model/datasources/dbo/dbo_mysql.php, line 561]
2013-08-21 23:13:47 Warning: Warning (2): mysql_select_db() expects parameter 2 to be resource, boolean given in [/var/www/codigos/cakephp/cake/libs/model/datasources/dbo/dbo_mysql.php, line 567]
2013-08-21 23:13:47 Warning: Warning (2): mysql_get_server_info() expects parameter 1 to be resource, boolean given in [/var/www/codigos/cakephp/cake/libs/model/datasources/dbo/dbo_mysql.php, line 575]
2013-08-21 23:13:47 Warning: Warning (2): mysql_query() expects parameter 2 to be resource, boolean given in [/var/www/codigos/cakephp/cake/libs/model/datasources/dbo/dbo_mysql.php, line 609]
2013-08-21 23:13:47 Warning: Warning (2): Cannot modify header information - headers already sent by (output started at /var/www/codigos/cakephp/cake/libs/debugger.php:673) in [/var/www/codigos/cakephp/cake/libs/controller/controller.php, line 742]
2013-08-21 23:51:47 Warning: Warning (2): mysql_connect() [http://php.net/function.mysql-connect]: Can't connect to MySQL server on 'mysql07.petcare.com.br' (4) in [/var/www/codigos/cakephp/cake/libs/model/datasources/dbo/dbo_mysql.php, line 561]
2013-08-21 23:51:47 Warning: Warning (2): mysql_select_db() expects parameter 2 to be resource, boolean given in [/var/www/codigos/cakephp/cake/libs/model/datasources/dbo/dbo_mysql.php, line 567]
2013-08-21 23:51:47 Warning: Warning (2): mysql_get_server_info() expects parameter 1 to be resource, boolean given in [/var/www/codigos/cakephp/cake/libs/model/datasources/dbo/dbo_mysql.php, line 575]
2013-08-21 23:51:47 Warning: Warning (2): mysql_query() expects parameter 2 to be resource, boolean given in [/var/www/codigos/cakephp/cake/libs/model/datasources/dbo/dbo_mysql.php, line 609]
2013-08-21 23:51:47 Warning: Warning (2): Cannot modify header information - headers already sent by (output started at /var/www/codigos/cakephp/cake/libs/debugger.php:673) in [/var/www/codigos/cakephp/cake/libs/controller/controller.php, line 742]
2013-08-22 00:13:50 Warning: Warning (512): <span style="color:Red;text-align:left"><b>Erro:</b> 1062: Duplicate entry '341.234.123-41' for key 'cpf'</span> in [/var/www/codigos/cakephp/cake/libs/model/datasources/dbo_source.php, line 684]
2013-08-22 00:19:24 Warning: Warning (2): mysql_connect() [http://php.net/function.mysql-connect]: Can't connect to MySQL server on 'mysql07.petcare.com.br' (4) in [/var/www/codigos/cakephp/cake/libs/model/datasources/dbo/dbo_mysql.php, line 561]
2013-08-22 00:19:24 Warning: Warning (2): mysql_select_db() expects parameter 2 to be resource, boolean given in [/var/www/codigos/cakephp/cake/libs/model/datasources/dbo/dbo_mysql.php, line 567]
2013-08-22 00:19:24 Warning: Warning (2): mysql_get_server_info() expects parameter 1 to be resource, boolean given in [/var/www/codigos/cakephp/cake/libs/model/datasources/dbo/dbo_mysql.php, line 575]
2013-08-22 00:19:24 Warning: Warning (2): mysql_query() expects parameter 2 to be resource, boolean given in [/var/www/codigos/cakephp/cake/libs/model/datasources/dbo/dbo_mysql.php, line 609]
2013-08-22 00:19:24 Warning: Warning (2): Cannot modify header information - headers already sent by (output started at /var/www/codigos/cakephp/cake/libs/debugger.php:673) in [/var/www/codigos/cakephp/cake/libs/controller/controller.php, line 742]
2013-08-22 00:23:08 Warning: Warning (2): mysql_connect() [http://php.net/function.mysql-connect]: Can't connect to MySQL server on 'mysql07.petcare.com.br' (4) in [/var/www/codigos/cakephp/cake/libs/model/datasources/dbo/dbo_mysql.php, line 561]
2013-08-22 00:23:08 Warning: Warning (2): mysql_select_db() expects parameter 2 to be resource, boolean given in [/var/www/codigos/cakephp/cake/libs/model/datasources/dbo/dbo_mysql.php, line 567]
2013-08-22 00:23:08 Warning: Warning (2): mysql_get_server_info() expects parameter 1 to be resource, boolean given in [/var/www/codigos/cakephp/cake/libs/model/datasources/dbo/dbo_mysql.php, line 575]
2013-08-22 00:23:08 Warning: Warning (2): mysql_query() expects parameter 2 to be resource, boolean given in [/var/www/codigos/cakephp/cake/libs/model/datasources/dbo/dbo_mysql.php, line 609]
2013-08-22 00:23:08 Warning: Warning (2): Cannot modify header information - headers already sent by (output started at /var/www/codigos/cakephp/cake/libs/debugger.php:673) in [/var/www/codigos/cakephp/cake/libs/controller/controller.php, line 742]
2013-08-22 01:04:43 Warning: Warning (2): mysql_connect() [http://php.net/function.mysql-connect]: Can't connect to MySQL server on 'mysql07.petcare.com.br' (4) in [/var/www/codigos/cakephp/cake/libs/model/datasources/dbo/dbo_mysql.php, line 561]
2013-08-22 01:04:43 Warning: Warning (2): mysql_select_db() expects parameter 2 to be resource, boolean given in [/var/www/codigos/cakephp/cake/libs/model/datasources/dbo/dbo_mysql.php, line 567]
2013-08-22 01:04:43 Warning: Warning (2): mysql_get_server_info() expects parameter 1 to be resource, boolean given in [/var/www/codigos/cakephp/cake/libs/model/datasources/dbo/dbo_mysql.php, line 575]
2013-08-22 01:04:43 Warning: Warning (2): mysql_query() expects parameter 2 to be resource, boolean given in [/var/www/codigos/cakephp/cake/libs/model/datasources/dbo/dbo_mysql.php, line 609]
2013-08-22 01:04:43 Warning: Warning (2): Cannot modify header information - headers already sent by (output started at /var/www/codigos/cakephp/cake/libs/debugger.php:673) in [/var/www/codigos/cakephp/cake/libs/controller/controller.php, line 742]
2013-08-22 01:21:24 Warning: Warning (2): mysql_connect() [http://php.net/function.mysql-connect]: Can't connect to MySQL server on 'mysql07.petcare.com.br' (4) in [/var/www/codigos/cakephp/cake/libs/model/datasources/dbo/dbo_mysql.php, line 561]
2013-08-22 01:21:24 Warning: Warning (2): mysql_select_db() expects parameter 2 to be resource, boolean given in [/var/www/codigos/cakephp/cake/libs/model/datasources/dbo/dbo_mysql.php, line 567]
2013-08-22 01:21:24 Warning: Warning (2): mysql_get_server_info() expects parameter 1 to be resource, boolean given in [/var/www/codigos/cakephp/cake/libs/model/datasources/dbo/dbo_mysql.php, line 575]
2013-08-22 01:21:24 Warning: Warning (2): mysql_query() expects parameter 2 to be resource, boolean given in [/var/www/codigos/cakephp/cake/libs/model/datasources/dbo/dbo_mysql.php, line 609]
2013-08-22 01:21:24 Warning: Warning (2): Cannot modify header information - headers already sent by (output started at /var/www/codigos/cakephp/cake/libs/debugger.php:673) in [/var/www/codigos/cakephp/cake/libs/controller/controller.php, line 742]
2013-08-22 01:29:07 Warning: Warning (2): mysql_connect() [http://php.net/function.mysql-connect]: Can't connect to MySQL server on 'mysql07.petcare.com.br' (4) in [/var/www/codigos/cakephp/cake/libs/model/datasources/dbo/dbo_mysql.php, line 561]
2013-08-22 01:29:07 Warning: Warning (2): mysql_select_db() expects parameter 2 to be resource, boolean given in [/var/www/codigos/cakephp/cake/libs/model/datasources/dbo/dbo_mysql.php, line 567]
2013-08-22 01:29:07 Warning: Warning (2): mysql_get_server_info() expects parameter 1 to be resource, boolean given in [/var/www/codigos/cakephp/cake/libs/model/datasources/dbo/dbo_mysql.php, line 575]
2013-08-22 01:29:07 Warning: Warning (2): mysql_query() expects parameter 2 to be resource, boolean given in [/var/www/codigos/cakephp/cake/libs/model/datasources/dbo/dbo_mysql.php, line 609]
2013-08-22 01:29:07 Warning: Warning (2): Cannot modify header information - headers already sent by (output started at /var/www/codigos/cakephp/cake/libs/debugger.php:673) in [/var/www/codigos/cakephp/cake/libs/controller/controller.php, line 742]
2013-08-22 01:33:38 Warning: Warning (2): mysql_connect() [http://php.net/function.mysql-connect]: Can't connect to MySQL server on 'mysql07.petcare.com.br' (4) in [/var/www/codigos/cakephp/cake/libs/model/datasources/dbo/dbo_mysql.php, line 561]
2013-08-22 01:33:38 Warning: Warning (2): mysql_select_db() expects parameter 2 to be resource, boolean given in [/var/www/codigos/cakephp/cake/libs/model/datasources/dbo/dbo_mysql.php, line 567]
2013-08-22 01:33:38 Warning: Warning (2): mysql_get_server_info() expects parameter 1 to be resource, boolean given in [/var/www/codigos/cakephp/cake/libs/model/datasources/dbo/dbo_mysql.php, line 575]
2013-08-22 01:33:38 Warning: Warning (2): mysql_query() expects parameter 2 to be resource, boolean given in [/var/www/codigos/cakephp/cake/libs/model/datasources/dbo/dbo_mysql.php, line 609]
2013-08-22 01:33:38 Warning: Warning (2): Cannot modify header information - headers already sent by (output started at /var/www/codigos/cakephp/cake/libs/debugger.php:673) in [/var/www/codigos/cakephp/cake/libs/controller/controller.php, line 742]
2013-08-22 01:36:08 Warning: Warning (2): mysql_connect() [http://php.net/function.mysql-connect]: Can't connect to MySQL server on 'mysql07.petcare.com.br' (4) in [/var/www/codigos/cakephp/cake/libs/model/datasources/dbo/dbo_mysql.php, line 561]
2013-08-22 01:36:08 Warning: Warning (2): mysql_select_db() expects parameter 2 to be resource, boolean given in [/var/www/codigos/cakephp/cake/libs/model/datasources/dbo/dbo_mysql.php, line 567]
2013-08-22 01:36:08 Warning: Warning (2): mysql_get_server_info() expects parameter 1 to be resource, boolean given in [/var/www/codigos/cakephp/cake/libs/model/datasources/dbo/dbo_mysql.php, line 575]
2013-08-22 01:36:08 Warning: Warning (2): mysql_query() expects parameter 2 to be resource, boolean given in [/var/www/codigos/cakephp/cake/libs/model/datasources/dbo/dbo_mysql.php, line 609]
2013-08-22 01:36:08 Warning: Warning (2): Cannot modify header information - headers already sent by (output started at /var/www/codigos/cakephp/cake/libs/debugger.php:673) in [/var/www/codigos/cakephp/cake/libs/controller/controller.php, line 742]
2013-08-22 01:39:35 Warning: Warning (2): mysql_connect() [http://php.net/function.mysql-connect]: Can't connect to MySQL server on 'mysql07.petcare.com.br' (4) in [/var/www/codigos/cakephp/cake/libs/model/datasources/dbo/dbo_mysql.php, line 561]
2013-08-22 01:39:35 Warning: Warning (2): mysql_select_db() expects parameter 2 to be resource, boolean given in [/var/www/codigos/cakephp/cake/libs/model/datasources/dbo/dbo_mysql.php, line 567]
2013-08-22 01:39:35 Warning: Warning (2): mysql_get_server_info() expects parameter 1 to be resource, boolean given in [/var/www/codigos/cakephp/cake/libs/model/datasources/dbo/dbo_mysql.php, line 575]
2013-08-22 01:39:35 Warning: Warning (2): mysql_query() expects parameter 2 to be resource, boolean given in [/var/www/codigos/cakephp/cake/libs/model/datasources/dbo/dbo_mysql.php, line 609]
2013-08-22 01:39:35 Warning: Warning (2): Cannot modify header information - headers already sent by (output started at /var/www/codigos/cakephp/cake/libs/debugger.php:673) in [/var/www/codigos/cakephp/cake/libs/controller/controller.php, line 742]
2013-08-22 01:52:50 Warning: Warning (2): mysql_connect() [http://php.net/function.mysql-connect]: Can't connect to MySQL server on 'mysql07.petcare.com.br' (4) in [/var/www/codigos/cakephp/cake/libs/model/datasources/dbo/dbo_mysql.php, line 561]
2013-08-22 01:52:50 Warning: Warning (2): mysql_select_db() expects parameter 2 to be resource, boolean given in [/var/www/codigos/cakephp/cake/libs/model/datasources/dbo/dbo_mysql.php, line 567]
2013-08-22 01:52:50 Warning: Warning (2): mysql_get_server_info() expects parameter 1 to be resource, boolean given in [/var/www/codigos/cakephp/cake/libs/model/datasources/dbo/dbo_mysql.php, line 575]
2013-08-22 01:52:50 Warning: Warning (2): mysql_query() expects parameter 2 to be resource, boolean given in [/var/www/codigos/cakephp/cake/libs/model/datasources/dbo/dbo_mysql.php, line 609]
2013-08-22 01:52:50 Warning: Warning (2): Cannot modify header information - headers already sent by (output started at /var/www/codigos/cakephp/cake/libs/debugger.php:673) in [/var/www/codigos/cakephp/cake/libs/controller/controller.php, line 742]
2013-08-22 01:58:01 Warning: Warning (2): mysql_connect() [http://php.net/function.mysql-connect]: Can't connect to MySQL server on 'mysql07.petcare.com.br' (4) in [/var/www/codigos/cakephp/cake/libs/model/datasources/dbo/dbo_mysql.php, line 561]
2013-08-22 01:58:01 Warning: Warning (2): mysql_select_db() expects parameter 2 to be resource, boolean given in [/var/www/codigos/cakephp/cake/libs/model/datasources/dbo/dbo_mysql.php, line 567]
2013-08-22 01:58:01 Warning: Warning (2): mysql_get_server_info() expects parameter 1 to be resource, boolean given in [/var/www/codigos/cakephp/cake/libs/model/datasources/dbo/dbo_mysql.php, line 575]
2013-08-22 01:58:01 Warning: Warning (2): mysql_query() expects parameter 2 to be resource, boolean given in [/var/www/codigos/cakephp/cake/libs/model/datasources/dbo/dbo_mysql.php, line 609]
2013-08-22 01:58:01 Warning: Warning (2): Cannot modify header information - headers already sent by (output started at /var/www/codigos/cakephp/cake/libs/debugger.php:673) in [/var/www/codigos/cakephp/cake/libs/controller/controller.php, line 742]
2013-08-22 02:22:02 Warning: Warning (2): mysql_connect() [http://php.net/function.mysql-connect]: Can't connect to MySQL server on 'mysql07.petcare.com.br' (4) in [/var/www/codigos/cakephp/cake/libs/model/datasources/dbo/dbo_mysql.php, line 561]
2013-08-22 02:22:02 Warning: Warning (2): mysql_select_db() expects parameter 2 to be resource, boolean given in [/var/www/codigos/cakephp/cake/libs/model/datasources/dbo/dbo_mysql.php, line 567]
2013-08-22 02:22:02 Warning: Warning (2): mysql_get_server_info() expects parameter 1 to be resource, boolean given in [/var/www/codigos/cakephp/cake/libs/model/datasources/dbo/dbo_mysql.php, line 575]
2013-08-22 02:22:02 Warning: Warning (2): mysql_query() expects parameter 2 to be resource, boolean given in [/var/www/codigos/cakephp/cake/libs/model/datasources/dbo/dbo_mysql.php, line 609]
2013-08-22 02:22:02 Warning: Warning (2): Cannot modify header information - headers already sent by (output started at /var/www/codigos/cakephp/cake/libs/debugger.php:673) in [/var/www/codigos/cakephp/cake/libs/controller/controller.php, line 742]
2013-08-22 02:22:28 Warning: Warning (2): mysql_connect() [http://php.net/function.mysql-connect]: Can't connect to MySQL server on 'mysql07.petcare.com.br' (4) in [/var/www/codigos/cakephp/cake/libs/model/datasources/dbo/dbo_mysql.php, line 561]
2013-08-22 02:22:28 Warning: Warning (2): mysql_select_db() expects parameter 2 to be resource, boolean given in [/var/www/codigos/cakephp/cake/libs/model/datasources/dbo/dbo_mysql.php, line 567]
2013-08-22 02:22:28 Warning: Warning (2): mysql_get_server_info() expects parameter 1 to be resource, boolean given in [/var/www/codigos/cakephp/cake/libs/model/datasources/dbo/dbo_mysql.php, line 575]
2013-08-22 02:22:28 Warning: Warning (2): mysql_query() expects parameter 2 to be resource, boolean given in [/var/www/codigos/cakephp/cake/libs/model/datasources/dbo/dbo_mysql.php, line 609]
2013-08-22 02:22:28 Warning: Warning (2): Cannot modify header information - headers already sent by (output started at /var/www/codigos/cakephp/cake/libs/debugger.php:673) in [/var/www/codigos/cakephp/cake/libs/controller/controller.php, line 742]
2013-09-02 23:10:51 Warning: Warning (512): /var/www/jobs/petcare/veterinario/tmp/cache/models/ is not writable in [/var/www/codigos/cakephp/cake/libs/cache/file.php, line 267]
2013-09-02 23:11:51 Warning: Warning (2): mysql_connect() [http://php.net/function.mysql-connect]: Can't connect to MySQL server on 'mysql07.petcare.com.br' (4) in [/var/www/codigos/cakephp/cake/libs/model/datasources/dbo/dbo_mysql.php, line 561]
2013-09-02 23:11:51 Warning: Warning (2): mysql_select_db() expects parameter 2 to be resource, boolean given in [/var/www/codigos/cakephp/cake/libs/model/datasources/dbo/dbo_mysql.php, line 567]
2013-09-02 23:11:51 Warning: Warning (2): mysql_get_server_info() expects parameter 1 to be resource, boolean given in [/var/www/codigos/cakephp/cake/libs/model/datasources/dbo/dbo_mysql.php, line 575]
2013-09-02 23:11:51 Warning: Warning (2): mysql_query() expects parameter 2 to be resource, boolean given in [/var/www/codigos/cakephp/cake/libs/model/datasources/dbo/dbo_mysql.php, line 609]
2013-09-02 23:11:51 Warning: Warning (2): Cannot modify header information - headers already sent by (output started at /var/www/codigos/cakephp/cake/libs/debugger.php:673) in [/var/www/codigos/cakephp/cake/libs/controller/controller.php, line 742]
2013-09-02 23:12:01 Warning: Warning (512): /var/www/jobs/petcare/veterinario/tmp/cache/models/ não tem permissão de escrita in [/var/www/codigos/cakephp/cake/libs/cache/file.php, line 267]
2013-09-02 23:12:02 Warning: Warning (512): /var/www/jobs/petcare/veterinario/tmp/cache/models/ não tem permissão de escrita in [/var/www/codigos/cakephp/cake/libs/cache/file.php, line 267]
2013-09-02 23:13:03 Warning: Warning (2): mysql_connect() [http://php.net/function.mysql-connect]: Can't connect to MySQL server on 'mysql07.petcare.com.br' (4) in [/var/www/codigos/cakephp/cake/libs/model/datasources/dbo/dbo_mysql.php, line 561]
2013-09-02 23:13:03 Warning: Warning (2): mysql_select_db() expects parameter 2 to be resource, boolean given in [/var/www/codigos/cakephp/cake/libs/model/datasources/dbo/dbo_mysql.php, line 567]
2013-09-02 23:13:03 Warning: Warning (2): mysql_get_server_info() expects parameter 1 to be resource, boolean given in [/var/www/codigos/cakephp/cake/libs/model/datasources/dbo/dbo_mysql.php, line 575]
2013-09-02 23:13:03 Warning: Warning (2): mysql_query() expects parameter 2 to be resource, boolean given in [/var/www/codigos/cakephp/cake/libs/model/datasources/dbo/dbo_mysql.php, line 609]
2013-09-02 23:13:03 Warning: Warning (2): Cannot modify header information - headers already sent by (output started at /var/www/codigos/cakephp/cake/libs/debugger.php:673) in [/var/www/codigos/cakephp/cake/libs/controller/controller.php, line 742]
